2025-04-25 10:19:15.126  INFO 16652 --- [book] [restartedMain] o.s.b.a.h2.H2ConsoleAutoConfiguration    : H2 console available at '/h2-console'. Database available at 'jdbc:mysql://118.67.131.22:3306/yeonji?useSSL=false&serverTimezone=Asia/Seoul'
2025-04-25 10:19:15.265  INFO 16652 --- [book] [restartedMain] o.s.b.d.a.OptionalLiveReloadServer       : LiveReload server is running on port 35729
2025-04-25 10:19:15.330  INFO 16652 --- [book] [restartedMain] o.s.b.w.embedded.tomcat.TomcatWebServer  : Tomcat started on port 8080 (http) with context path '/'
2025-04-25 10:19:15.349  INFO 16652 --- [book] [restartedMain] com.example.book.BookApplication         : Started BookApplication in 8.133 seconds (process running for 8.958)
2025-04-25 10:20:03.028  INFO 16652 --- [book] [http-nio-8080-exec-1] o.a.c.c.C.[Tomcat].[localhost].[/]       : Initializing Spring DispatcherServlet 'dispatcherServlet'
2025-04-25 10:20:03.029  INFO 16652 --- [book] [http-nio-8080-exec-1] o.s.web.servlet.DispatcherServlet        : Initializing Servlet 'dispatcherServlet'
2025-04-25 10:20:03.031  INFO 16652 --- [book] [http-nio-8080-exec-1] o.s.web.servlet.DispatcherServlet        : Completed initialization in 1 ms
2025-04-25 10:20:51.829  INFO 16652 --- [book] [SpringApplicationShutdownHook] o.s.b.w.e.tomcat.GracefulShutdown        : Commencing graceful shutdown. Waiting for active requests to complete
2025-04-25 10:20:51.836  INFO 16652 --- [book] [tomcat-shutdown] o.s.b.w.e.tomcat.GracefulShutdown        : Graceful shutdown complete
2025-04-25 10:20:51.840  INFO 16652 --- [book] [SpringApplicationShutdownHook] j.LocalContainerEntityManagerFactoryBean : Closing JPA EntityManagerFactory for persistence unit 'default'
2025-04-25 10:20:51.844  INFO 16652 --- [book] [SpringApplicationShutdownHook] com.zaxxer.hikari.HikariDataSource       : HikariPool-1 - Shutdown initiated...
2025-04-25 10:20:51.856  INFO 16652 --- [book] [SpringApplicationShutdownHook] com.zaxxer.hikari.HikariDataSource       : HikariPool-1 - Shutdown completed.
2025-04-25 10:20:54.382  INFO 18796 --- [book] [restartedMain] com.example.book.BookApplication         : Starting BookApplication using Java 21.0.6 with PID 18796 (C:\ITStudy\16_SpringBoot\book\target\classes started by fisaai in C:\ITStudy\16_SpringBoot\book)
2025-04-25 10:20:54.385  INFO 18796 --- [book] [restartedMain] com.example.book.BookApplication         : No active profile set, falling back to 1 default profile: "default"
2025-04-25 10:20:54.463  INFO 18796 --- [book] [restartedMain] .e.DevToolsPropertyDefaultsPostProcessor : Devtools property defaults active! Set 'spring.devtools.add-properties' to 'false' to disable
2025-04-25 10:20:54.464  INFO 18796 --- [book] [restartedMain] .e.DevToolsPropertyDefaultsPostProcessor : For additional web related logging consider setting the 'logging.level.web' property to 'DEBUG'
2025-04-25 10:20:55.831  INFO 18796 --- [book] [restartedMain] .s.d.r.c.RepositoryConfigurationDelegate : Bootstrapping Spring Data JPA repositories in DEFAULT mode.
2025-04-25 10:20:55.899  INFO 18796 --- [book] [restartedMain] .s.d.r.c.RepositoryConfigurationDelegate : Finished Spring Data repository scanning in 55 ms. Found 1 JPA repository interface.
2025-04-25 10:20:56.723  INFO 18796 --- [book] [restartedMain] o.s.b.w.embedded.tomcat.TomcatWebServer  : Tomcat initialized with port 8080 (http)
2025-04-25 10:20:56.744  INFO 18796 --- [book] [restartedMain] o.apache.catalina.core.StandardService   : Starting service [Tomcat]
2025-04-25 10:20:56.744  INFO 18796 --- [book] [restartedMain] o.apache.catalina.core.StandardEngine    : Starting Servlet engine: [Apache Tomcat/10.1.39]
2025-04-25 10:20:56.819  INFO 18796 --- [book] [restartedMain] o.a.c.c.C.[Tomcat].[localhost].[/]       : Initializing Spring embedded WebApplicationContext
2025-04-25 10:20:56.821  INFO 18796 --- [book] [restartedMain] w.s.c.ServletWebServerApplicationContext : Root WebApplicationContext: initialization completed in 2357 ms
2025-04-25 10:20:57.126  INFO 18796 --- [book] [restartedMain] o.hibernate.jpa.internal.util.LogHelper  : HHH000204: Processing PersistenceUnitInfo [name: default]
2025-04-25 10:20:57.213  INFO 18796 --- [book] [restartedMain] org.hibernate.Version                    : HHH000412: Hibernate ORM core version 6.6.11.Final
2025-04-25 10:20:57.263  INFO 18796 --- [book] [restartedMain] o.h.c.internal.RegionFactoryInitiator    : HHH000026: Second-level cache disabled
2025-04-25 10:20:57.655  INFO 18796 --- [book] [restartedMain] o.s.o.j.p.SpringPersistenceUnitInfo      : No LoadTimeWeaver setup: ignoring JPA class transformer
2025-04-25 10:20:57.692  INFO 18796 --- [book] [restartedMain] com.zaxxer.hikari.HikariDataSource       : HikariPool-1 - Starting...
2025-04-25 10:20:57.932  INFO 18796 --- [book] [restartedMain] com.zaxxer.hikari.pool.HikariPool        : HikariPool-1 - Added connection com.mysql.cj.jdbc.ConnectionImpl@4b81fb9b
2025-04-25 10:20:57.936  INFO 18796 --- [book] [restartedMain] com.zaxxer.hikari.HikariDataSource       : HikariPool-1 - Start completed.
2025-04-25 10:20:57.999  WARN 18796 --- [book] [restartedMain] org.hibernate.orm.deprecation            : HHH90000025: MySQL8Dialect does not need to be specified explicitly using 'hibernate.dialect' (remove the property setting and it will be selected by default)
