2025-04-25 10:19:08.113  INFO 16652 --- [book] [restartedMain] com.example.book.BookApplication         : Starting BookApplication using Java 21.0.6 with PID 16652 (C:\ITStudy\16_SpringBoot\book\target\classes started by fisaai in C:\ITStudy\16_SpringBoot\book)
2025-04-25 10:19:08.117  INFO 16652 --- [book] [restartedMain] com.example.book.BookApplication         : No active profile set, falling back to 1 default profile: "default"
2025-04-25 10:19:08.216  INFO 16652 --- [book] [restartedMain] .e.DevToolsPropertyDefaultsPostProcessor : Devtools property defaults active! Set 'spring.devtools.add-properties' to 'false' to disable
2025-04-25 10:19:08.217  INFO 16652 --- [book] [restartedMain] .e.DevToolsPropertyDefaultsPostProcessor : For additional web related logging consider setting the 'logging.level.web' property to 'DEBUG'
2025-04-25 10:19:09.543  INFO 16652 --- [book] [restartedMain] .s.d.r.c.RepositoryConfigurationDelegate : Bootstrapping Spring Data JPA repositories in DEFAULT mode.
2025-04-25 10:19:09.640  INFO 16652 --- [book] [restartedMain] .s.d.r.c.RepositoryConfigurationDelegate : Finished Spring Data repository scanning in 78 ms. Found 1 JPA repository interface.
2025-04-25 10:19:10.529  INFO 16652 --- [book] [restartedMain] o.s.b.w.embedded.tomcat.TomcatWebServer  : Tomcat initialized with port 8080 (http)
2025-04-25 10:19:10.551  INFO 16652 --- [book] [restartedMain] o.apache.catalina.core.StandardService   : Starting service [Tomcat]
2025-04-25 10:19:10.552  INFO 16652 --- [book] [restartedMain] o.apache.catalina.core.StandardEngine    : Starting Servlet engine: [Apache Tomcat/10.1.39]
2025-04-25 10:19:10.626  INFO 16652 --- [book] [restartedMain] o.a.c.c.C.[Tomcat].[localhost].[/]       : Initializing Spring embedded WebApplicationContext
2025-04-25 10:19:10.627  INFO 16652 --- [book] [restartedMain] w.s.c.ServletWebServerApplicationContext : Root WebApplicationContext: initialization completed in 2408 ms
2025-04-25 10:19:10.928  INFO 16652 --- [book] [restartedMain] o.hibernate.jpa.internal.util.LogHelper  : HHH000204: Processing PersistenceUnitInfo [name: default]
2025-04-25 10:19:11.013  INFO 16652 --- [book] [restartedMain] org.hibernate.Version                    : HHH000412: Hibernate ORM core version 6.6.11.Final
2025-04-25 10:19:11.071  INFO 16652 --- [book] [restartedMain] o.h.c.internal.RegionFactoryInitiator    : HHH000026: Second-level cache disabled
2025-04-25 10:19:11.556  INFO 16652 --- [book] [restartedMain] o.s.o.j.p.SpringPersistenceUnitInfo      : No LoadTimeWeaver setup: ignoring JPA class transformer
2025-04-25 10:19:11.606  INFO 16652 --- [book] [restartedMain] com.zaxxer.hikari.HikariDataSource       : HikariPool-1 - Starting...
2025-04-25 10:19:11.899  INFO 16652 --- [book] [restartedMain] com.zaxxer.hikari.pool.HikariPool        : HikariPool-1 - Added connection com.mysql.cj.jdbc.ConnectionImpl@2edaa376
2025-04-25 10:19:11.902  INFO 16652 --- [book] [restartedMain] com.zaxxer.hikari.HikariDataSource       : HikariPool-1 - Start completed.
2025-04-25 10:19:11.956  WARN 16652 --- [book] [restartedMain] org.hibernate.orm.deprecation            : HHH90000025: MySQL8Dialect does not need to be specified explicitly using 'hibernate.dialect' (remove the property setting and it will be selected by default)
2025-04-25 10:19:11.957  WARN 16652 --- [book] [restartedMain] org.hibernate.orm.deprecation            : HHH90000026: MySQL8Dialect has been deprecated; use org.hibernate.dialect.MySQLDialect instead
2025-04-25 10:19:11.978  INFO 16652 --- [book] [restartedMain] org.hibernate.orm.connections.pooling    : HHH10001005: Database info:
	Database JDBC URL [Connecting through datasource 'HikariDataSource (HikariPool-1)']
	Database driver: undefined/unknown
	Database version: 8.0
	Autocommit mode: undefined/unknown
	Isolation level: undefined/unknown
	Minimum pool size: undefined/unknown
	Maximum pool size: undefined/unknown
2025-04-25 10:19:12.897  INFO 16652 --- [book] [restartedMain] o.h.e.t.j.p.i.JtaPlatformInitiator       : HHH000489: No JTA platform available (set 'hibernate.transaction.jta.platform' to enable JTA platform integration)
2025-04-25 10:19:12.953  INFO 16652 --- [book] [restartedMain] j.LocalContainerEntityManagerFactoryBean : Initialized JPA EntityManagerFactory for persistence unit 'default'
2025-04-25 10:19:13.370  INFO 16652 --- [book] [restartedMain] o.s.d.j.r.query.QueryEnhancerFactory     : Hibernate is in classpath; If applicable, HQL parser will be used.
2025-04-25 10:19:14.403  WARN 16652 --- [book] [restartedMain] JpaBaseConfiguration$JpaWebConfiguration : spring.jpa.open-in-view is enabled by default. Therefore, database queries may be performed during view rendering. Explicitly configure spring.jpa.open-in-view to disable this warning
2025-04-25 10:19:14.466  INFO 16652 --- [book] [restartedMain] o.s.v.b.OptionalValidatorFactoryBean     : Failed to set up a Bean Validation provider: jakarta.validation.NoProviderFoundException: Unable to create a Configuration, because no Jakarta Bean Validation provider could be found. Add a provider like Hibernate Validator (RI) to your classpath.
